#
# A fatal error has been detected by the Java Runtime Environment:
#
#  EXCEPTION_ACCESS_VIOLATION (0xc0000005) at pc=0x00007ff8ffe5cdec, pid=11348, tid=21776
#
# JRE version: Java(TM) SE Runtime Environment (19.0.2+7) (build 19.0.2+7-44)
# Java VM: Java HotSpot(TM) 64-Bit Server VM (19.0.2+7-44, mixed mode, sharing, tiered, compressed oops, compressed class ptrs, g1 gc, windows-amd64)
# Problematic frame:
# C  [lwjgl_opengl.dll+0xcdec]
#
# No core dump will be written. Minidumps are not enabled by default on client versions of Windows
#
# If you would like to submit a bug report, please visit:
#   https://bugreport.java.com/bugreport/crash.jsp
# The crash happened outside the Java Virtual Machine in native code.
# See problematic frame for where to report the bug.
#

---------------  S U M M A R Y ------------

Command Line: -javaagent:D:\Resources\Intellij\IntelliJ IDEA Community Edition 2022.2.3\lib\idea_rt.jar=51141:D:\Resources\Intellij\IntelliJ IDEA Community Edition 2022.2.3\bin -Dfile.encoding=UTF-8 -Dsun.stdout.encoding=UTF-8 -Dsun.stderr.encoding=UTF-8 Test

Host: AMD Ryzen 5 2600 Six-Core Processor            , 12 cores, 15G,  Windows 11 , 64 bit Build 22000 (10.0.22000.1335)
Time: Fri Feb  3 18:43:17 2023 W. Europe Standard Time elapsed time: 0.890413 seconds (0d 0h 0m 0s)

---------------  T H R E A D  ---------------

Current thread (0x0000020fd3c2f760):  JavaThread "main" [_thread_in_native, id=21776, stack(0x000000ccbec00000,0x000000ccbed00000)]

Stack: [0x000000ccbec00000,0x000000ccbed00000],  sp=0x000000ccbecff228,  free space=1020k
Native frames: (J=compiled Java code, j=interpreted, Vv=VM code, C=native code)
C  [lwjgl_opengl.dll+0xcdec]

Java frames: (J=compiled Java code, j=interpreted, Vv=VM code)
j  org.lwjgl.opengl.GL11C.glViewport(IIII)V+0
j  org.lwjgl.opengl.GL11.glViewport(IIII)V+4
j  engine.opengl.Application.init()V+78
j  engine.opengl.Application.<init>()V+16
j  Test.main([Ljava/lang/String;)V+9
v  ~StubRoutines::call_stub 0x0000020fe30d100e

siginfo: EXCEPTION_ACCESS_VIOLATION (0xc0000005), reading address 0x0000000000000a78


Registers:
RAX=0x0000020ffba78b20, RBX=0x0000020ff7d43ba0, RCX=0x0000000000000000, RDX=0x0000000000000000
RSP=0x000000ccbecff228, RBP=0x000000ccbecff2b8, RSI=0x0000000000000000, RDI=0x0000020fe30eb865
R8 =0x0000000000000320, R9 =0x0000000000000258, R10=0x0000000000000000, R11=0x0000000710b2da20
R12=0x0000000000000000, R13=0x0000020ff7d43b98, R14=0x000000ccbecff2f0, R15=0x0000020fd3c2f760
RIP=0x00007ff8ffe5cdec, EFLAGS=0x0000000000010202


Register to memory mapping:

RIP=0x00007ff8ffe5cdec lwjgl_opengl.dll
RAX=0x0000020ffba78b20 points into unknown readable memory: 0x0000000000000000 | 00 00 00 00 00 00 00 00
RBX={method} {0x0000020ff7d43ba8} 'glViewport' '(IIII)V' in 'org/lwjgl/opengl/GL11C'
RCX=0x0 is NULL
RDX=0x0 is NULL
RSP=0x000000ccbecff228 is pointing into the stack for thread: 0x0000020fd3c2f760
RBP=0x000000ccbecff2b8 is pointing into the stack for thread: 0x0000020fd3c2f760
RSI=0x0 is NULL
RDI=0x0000020fe30eb865 is at code_begin+1317 in an Interpreter codelet
return entry points  [0x0000020fe30eb340, 0x0000020fe30ebe20]  2784 bytes
R8 =0x0000000000000320 is an unknown value
R9 =0x0000000000000258 is an unknown value
R10=0x0 is NULL
R11=0x0000000710b2da20 is an oop: java.lang.Class 
{0x0000000710b2da20} - klass: 'java/lang/Class'
 - ---- fields (total size 116 words):
 - private volatile transient 'classRedefinedCount' 'I' @12  0
 - abstract internal 'klass' 'J' @16  34376635320 (101d3b8 8)
 - abstract internal 'array_klass' 'J' @24  0 (0 0)
 - abstract internal 'oop_size' 'I' @32  116 (74)
 - abstract internal 'static_oop_field_count' 'I' @36  0
 - private volatile transient 'cachedConstructor' 'Ljava/lang/reflect/Constructor;' @40  NULL (0)
 - private transient 'name' 'Ljava/lang/String;' @44  "org.lwjgl.opengl.GL11C"{0x0000000710b2ddd0} (e2165bba)
 - private transient 'module' 'Ljava/lang/Module;' @48  a 'java/lang/Module'{0x00000007110651d0} (e220ca3a)
 - private final 'classLoader' 'Ljava/lang/ClassLoader;' @52  a 'jdk/internal/loader/ClassLoaders$AppClassLoader'{0x0000000711065010} (e220ca02)
 - private transient 'classData' 'Ljava/lang/Object;' @56  NULL (0)
 - private transient 'packageName' 'Ljava/lang/String;' @60  "org.lwjgl.opengl"{0x0000000710a84e48} (e21509c9)
 - private final 'componentType' 'Ljava/lang/Class;' @64  NULL (0)
 - private volatile transient 'reflectionData' 'Ljava/lang/ref/SoftReference;' @68  NULL (0)
 - private volatile transient 'genericInfo' 'Lsun/reflect/generics/repository/ClassRepository;' @72  NULL (0)
 - private volatile transient 'enumConstants' '[Ljava/lang/Object;' @76  NULL (0)
 - private volatile transient 'enumConstantDirectory' 'Ljava/util/Map;' @80  NULL (0)
 - private volatile transient 'annotationData' 'Ljava/lang/Class$AnnotationData;' @84  NULL (0)
 - private volatile transient 'annotationType' 'Lsun/reflect/annotation/AnnotationType;' @88  NULL (0)
 - transient 'classValueMap' 'Ljava/lang/ClassValue$ClassValueMap;' @92  NULL (0)
 - abstract internal 'protection_domain' 'Ljava/lang/Object;' @96  a 'java/security/ProtectionDomain'{0x0000000710ad60f8} (e215ac1f)
 - abstract internal 'signers_name' 'Ljava/lang/Object;' @100  NULL (0)
 - abstract internal 'source_file' 'Ljava/lang/Object;' @104  NULL (0)
 - signature: Lorg/lwjgl/opengl/GL11C;
 - ---- static fields (0):
 - public static final 'GL_NEVER' 'I' @112  512 (200)
 - public static final 'GL_LESS' 'I' @116  513 (201)
 - public static final 'GL_EQUAL' 'I' @120  514 (202)
 - public static final 'GL_LEQUAL' 'I' @124  515 (203)
 - public static final 'GL_GREATER' 'I' @128  516 (204)
 - public static final 'GL_NOTEQUAL' 'I' @132  517 (205)
 - public static final 'GL_GEQUAL' 'I' @136  518 (206)
 - public static final 'GL_ALWAYS' 'I' @140  519 (207)
 - public static final 'GL_DEPTH_BUFFER_BIT' 'I' @144  256 (100)
 - public static final 'GL_STENCIL_BUFFER_BIT' 'I' @148  1024 (400)
 - public static final 'GL_COLOR_BUFFER_BIT' 'I' @152  16384 (4000)
 - public static final 'GL_POINTS' 'I' @156  0
 - public static final 'GL_LINES' 'I' @160  1
 - public static final 'GL_LINE_LOOP' 'I' @164  2
 - public static final 'GL_LINE_STRIP' 'I' @168  3
 - public static final 'GL_TRIANGLES' 'I' @172  4
 - public static final 'GL_TRIANGLE_STRIP' 'I' @176  5
 - public static final 'GL_TRIANGLE_FAN' 'I' @180  6
 - public static final 'GL_QUADS' 'I' @184  7
 - public static final 'GL_ZERO' 'I' @188  0
 - public static final 'GL_ONE' 'I' @192  1
 - public static final 'GL_SRC_COLOR' 'I' @196  768 (300)
 - public static final 'GL_ONE_MINUS_SRC_COLOR' 'I' @200  769 (301)
 - public static final 'GL_SRC_ALPHA' 'I' @204  770 (302)
 - public static final 'GL_ONE_MINUS_SRC_ALPHA' 'I' @208  771 (303)
 - public static final 'GL_DST_ALPHA' 'I' @212  772 (304)
 - public static final 'GL_ONE_MINUS_DST_ALPHA' 'I' @216  773 (305)
 - public static final 'GL_DST_COLOR' 'I' @220  774 (306)
 - public static final 'GL_ONE_MINUS_DST_COLOR' 'I' @224  775 (307)
 - public static final 'GL_SRC_ALPHA_SATURATE' 'I' @228  776 (308)
 - public static final 'GL_TRUE' 'I' @232  1
 - public static final 'GL_FALSE' 'I' @236  0
 - public static final 'GL_BYTE' 'I' @240  5120 (1400)
 - public static final 'GL_UNSIGNED_BYTE' 'I' @244  5121 (1401)
 - public static final 'GL_SHORT' 'I' @248  5122 (1402)
 - public static final 'GL_UNSIGNED_SHORT' 'I' @252  5123 (1403)
 - public static final 'GL_INT' 'I' @256  5124 (1404)
 - public static final 'GL_UNSIGNED_INT' 'I' @260  5125 (1405)
 - public static final 'GL_FLOAT' 'I' @264  5126 (1406)
 - public static final 'GL_DOUBLE' 'I' @268  5130 (140a)
 - public static final 'GL_NONE' 'I' @272  0
 - public static final 'GL_FRONT_LEFT' 'I' @276  1024 (400)
 - public static final 'GL_FRONT_RIGHT' 'I' @280  1025 (401)
 - public static final 'GL_BACK_LEFT' 'I' @284  1026 (402)
 - public static final 'GL_BACK_RIGHT' 'I' @288  1027 (403)
 - public static final 'GL_FRONT' 'I' @292  1028 (404)
 - public static final 'GL_BACK' 'I' @296  1029 (405)
 - public static final 'GL_LEFT' 'I' @300  1030 (406)
 - public static final 'GL_RIGHT' 'I' @304  1031 (407)
 - public static final 'GL_FRONT_AND_BACK' 'I' @308  1032 (408)
 - public static final 'GL_NO_ERROR' 'I' @312  0
 - public static final 'GL_INVALID_ENUM' 'I' @316  1280 (500)
 - public static final 'GL_INVALID_VALUE' 'I' @320  1281 (501)
 - public static final 'GL_INVALID_OPERATION' 'I' @324  1282 (502)
 - public static final 'GL_STACK_OVERFLOW' 'I' @328  1283 (503)
 - public static final 'GL_STACK_UNDERFLOW' 'I' @332  1284 (504)
 - public static final 'GL_OUT_OF_MEMORY' 'I' @336  1285 (505)
 - public static final 'GL_CW' 'I' @340  2304 (900)
 - public static final 'GL_CCW' 'I' @344  2305 (901)
 - public static final 'GL_POINT_SIZE' 'I' @348  2833 (b11)
 - public static final 'GL_POINT_SIZE_RANGE' 'I' @352  2834 (b12)
 - public static final 'GL_POINT_SIZE_GRANULARITY' 'I' @356  2835 (b13)
 - public static final 'GL_LINE_SMOOTH' 'I' @360  2848 (b20)
 - public static final 'GL_LINE_WIDTH' 'I' @364  2849 (b21)
 - public static final 'GL_LINE_WIDTH_RANGE' 'I' @368  2850 (b22)
 - public static final 'GL_LINE_WIDTH_GRANULARITY' 'I' @372  2851 (b23)
 - public static final 'GL_POLYGON_MODE' 'I' @376  2880 (b40)
 - public static final 'GL_POLYGON_SMOOTH' 'I' @380  2881 (b41)
 - public static final 'GL_CULL_FACE' 'I' @384  2884 (b44)
 - public static final 'GL_CULL_FACE_MODE' 'I' @388  2885 (b45)
 - public static final 'GL_FRONT_FACE' 'I' @392  2886 (b46)
 - public static final 'GL_DEPTH_RANGE' 'I' @396  2928 (b70)
 - public static final 'GL_DEPTH_TEST' 'I' @400  2929 (b71)
 - public static final 'GL_DEPTH_WRITEMASK' 'I' @404  2930 (b72)
 - public static final 'GL_DEPTH_CLEAR_VALUE' 'I' @408  2931 (b73)
 - public static final 'GL_DEPTH_FUNC' 'I' @412  2932 (b74)
 - public static final 'GL_STENCIL_TEST' 'I' @416  2960 (b90)
 - public static final 'GL_STENCIL_CLEAR_VALUE' 'I' @420  2961 (b91)
 - public static final 'GL_STENCIL_FUNC' 'I' @424  2962 (b92)
 - public static final 'GL_STENCIL_VALUE_MASK' 'I' @428  2963 (b93)
 - public static final 'GL_STENCIL_FAIL' 'I' @432  2964 (b94)
 - public static final 'GL_STENCIL_PASS_DEPTH_FAIL' 'I' @436  2965 (b95)
 - public static final 'GL_STENCIL_PASS_DEPTH_PASS' 'I' @440  2966 (b96)
 - public static final 'GL_STENCIL_REF' 'I' @444  2967 (b97)
 - public static final 'GL_STENCIL_WRITEMASK' 'I' @448  2968 (b98)
 - public static final 'GL_VIEWPORT' 'I' @452  2978 (ba2)
 - public static final 'GL_DITHER' 'I' @456  3024 (bd0)
 - public static final 'GL_BLEND_DST' 'I' @460  3040 (be0)
 - public static final 'GL_BLEND_SRC' 'I' @464  3041 (be1)
 - public static final 'GL_BLEND' 'I' @468  3042 (be2)
 - public static final 'GL_LOGIC_OP_MODE' 'I' @472  3056 (bf0)
 - public static final 'GL_COLOR_LOGIC_OP' 'I' @476  3058 (bf2)
 - public static final 'GL_DRAW_BUFFER' 'I' @480  3073 (c01)
 - public static final 'GL_READ_BUFFER' 'I' @484  3074 (c02)
 - public static final 'GL_SCISSOR_BOX' 'I' @488  3088 (c10)
 - public static final 'GL_SCISSOR_TEST' 'I' @492  3089 (c11)
 - public static final 'GL_COLOR_CLEAR_VALUE' 'I' @496  3106 (c22)
 - public static final 'GL_COLOR_WRITEMASK' 'I' @500  3107 (c23)
 - public static final 'GL_DOUBLEBUFFER' 'I' @504  3122 (c32)
 - public static final 'GL_STEREO' 'I' @508  3123 (c33)
 - public static final 'GL_LINE_SMOOTH_HINT' 'I' @512  3154 (c52)
 - public static final 'GL_POLYGON_SMOOTH_HINT' 'I' @516  3155 (c53)
 - public static final 'GL_UNPACK_SWAP_BYTES' 'I' @520  3312 (cf0)
 - public static final 'GL_UNPACK_LSB_FIRST' 'I' @524  3313 (cf1)
 - public static final 'GL_UNPACK_ROW_LENGTH' 'I' @528  3314 (cf2)
 - public static final 'GL_UNPACK_SKIP_ROWS' 'I' @532  3315 (cf3)
 - public static final 'GL_UNPACK_SKIP_PIXELS' 'I' @536  3316 (cf4)
 - public static final 'GL_UNPACK_ALIGNMENT' 'I' @540  3317 (cf5)
 - public static final 'GL_PACK_SWAP_BYTES' 'I' @544  3328 (d00)
 - public static final 'GL_PACK_LSB_FIRST' 'I' @548  3329 (d01)
 - public static final 'GL_PACK_ROW_LENGTH' 'I' @552  3330 (d02)
 - public static final 'GL_PACK_SKIP_ROWS' 'I' @556  3331 (d03)
 - public static final 'GL_PACK_SKIP_PIXELS' 'I' @560  3332 (d04)
 - public static final 'GL_PACK_ALIGNMENT' 'I' @564  3333 (d05)
 - public static final 'GL_MAX_TEXTURE_SIZE' 'I' @568  3379 (d33)
 - public static final 'GL_MAX_VIEWPORT_DIMS' 'I' @572  3386 (d3a)
 - public static final 'GL_SUBPIXEL_BITS' 'I' @576  3408 (d50)
 - public static final 'GL_TEXTURE_1D' 'I' @580  3552 (de0)
 - public static final 'GL_TEXTURE_2D' 'I' @584  3553 (de1)
 - public static final 'GL_TEXTURE_WIDTH' 'I' @588  4096 (1000)
 - public static final 'GL_TEXTURE_HEIGHT' 'I' @592  4097 (1001)
 - public static final 'GL_TEXTURE_INTERNAL_FORMAT' 'I' @596  4099 (1003)
 - public static final 'GL_TEXTURE_BORDER_COLOR' 'I' @600  4100 (1004)
 - public static final 'GL_DONT_CARE' 'I' @604  4352 (1100)
 - public static final 'GL_FASTEST' 'I' @608  4353 (1101)
 - public static final 'GL_NICEST' 'I' @612  4354 (1102)
 - public static final 'GL_CLEAR' 'I' @616  5376 (1500)
 - public static final 'GL_AND' 'I' @620  5377 (1501)
 - public static final 'GL_AND_REVERSE' 'I' @624  5378 (1502)
 - public static final 'GL_COPY' 'I' @628  5379 (1503)
 - public static final 'GL_AND_INVERTED' 'I' @632  5380 (1504)
 - public static final 'GL_NOOP' 'I' @636  5381 (1505)
 - public static final 'GL_XOR' 'I' @640  5382 (1506)
 - public static final 'GL_OR' 'I' @644  5383 (1507)
 - public static final 'GL_NOR' 'I' @648  5384 (1508)
 - public static final 'GL_EQUIV' 'I' @652  5385 (1509)
 - public static final 'GL_INVERT' 'I' @656  5386 (150a)
 - public static final 'GL_OR_REVERSE' 'I' @660  5387 (150b)
 - public static final 'GL_COPY_INVERTED' 'I' @664  5388 (150c)
 - public static final 'GL_OR_INVERTED' 'I' @668  5389 (150d)
 - public static final 'GL_NAND' 'I' @672  5390 (150e)
 - public static final 'GL_SET' 'I' @676  5391 (150f)
 - public static final 'GL_TEXTURE' 'I' @680  5890 (1702)
 - public static final 'GL_COLOR' 'I' @684  6144 (1800)
 - public static final 'GL_DEPTH' 'I' @688  6145 (1801)
 - public static final 'GL_STENCIL' 'I' @692  6146 (1802)
 - public static final 'GL_STENCIL_INDEX' 'I' @696  6401 (1901)
 - public static final 'GL_DEPTH_COMPONENT' 'I' @700  6402 (1902)
 - public static final 'GL_RED' 'I' @704  6403 (1903)
 - public static final 'GL_GREEN' 'I' @708  6404 (1904)
 - public static final 'GL_BLUE' 'I' @712  6405 (1905)
 - public static final 'GL_ALPHA' 'I' @716  6406 (1906)
 - public static final 'GL_RGB' 'I' @720  6407 (1907)
 - public static final 'GL_RGBA' 'I' @724  6408 (1908)
 - public static final 'GL_POINT' 'I' @728  6912 (1b00)
 - public static final 'GL_LINE' 'I' @732  6913 (1b01)
 - public static final 'GL_FILL' 'I' @736  6914 (1b02)
 - public static final 'GL_KEEP' 'I' @740  7680 (1e00)
 - public static final 'GL_REPLACE' 'I' @744  7681 (1e01)
 - public static final 'GL_INCR' 'I' @748  7682 (1e02)
 - public static final 'GL_DECR' 'I' @752  7683 (1e03)
 - public static final 'GL_VENDOR' 'I' @756  7936 (1f00)
 - public static final 'GL_RENDERER' 'I' @760  7937 (1f01)
 - public static final 'GL_VERSION' 'I' @764  7938 (1f02)
 - public static final 'GL_EXTENSIONS' 'I' @768  7939 (1f03)
 - public static final 'GL_NEAREST' 'I' @772  9728 (2600)
 - public static final 'GL_LINEAR' 'I' @776  9729 (2601)
 - public static final 'GL_NEAREST_MIPMAP_NEAREST' 'I' @780  9984 (2700)
 - public static final 'GL_LINEAR_MIPMAP_NEAREST' 'I' @784  9985 (2701)
 - public static final 'GL_NEAREST_MIPMAP_LINEAR' 'I' @788  9986 (2702)
 - public static final 'GL_LINEAR_MIPMAP_LINEAR' 'I' @792  9987 (2703)
 - public static final 'GL_TEXTURE_MAG_FILTER' 'I' @796  10240 (2800)
 - public static final 'GL_TEXTURE_MIN_FILTER' 'I' @800  10241 (2801)
 - public static final 'GL_TEXTURE_WRAP_S' 'I' @804  10242 (2802)
 - public static final 'GL_TEXTURE_WRAP_T' 'I' @808  10243 (2803)
 - public static final 'GL_REPEAT' 'I' @812  10497 (2901)
 - public static final 'GL_POLYGON_OFFSET_FACTOR' 'I' @816  32824 (8038)
 - public static final 'GL_POLYGON_OFFSET_UNITS' 'I' @820  10752 (2a00)
 - public static final 'GL_POLYGON_OFFSET_POINT' 'I' @824  10753 (2a01)
 - public static final 'GL_POLYGON_OFFSET_LINE' 'I' @828  10754 (2a02)
 - public static final 'GL_POLYGON_OFFSET_FILL' 'I' @832  32823 (8037)
 - public static final 'GL_R3_G3_B2' 'I' @836  10768 (2a10)
 - public static final 'GL_RGB4' 'I' @840  32847 (804f)
 - public static final 'GL_RGB5' 'I' @844  32848 (8050)
 - public static final 'GL_RGB8' 'I' @848  32849 (8051)
 - public static final 'GL_RGB10' 'I' @852  32850 (8052)
 - public static final 'GL_RGB12' 'I' @856  32851 (8053)
 - public static final 'GL_RGB16' 'I' @860  32852 (8054)
 - public static final 'GL_RGBA2' 'I' @864  32853 (8055)
 - public static final 'GL_RGBA4' 'I' @868  32854 (8056)
 - public static final 'GL_RGB5_A1' 'I' @872  32855 (8057)
 - public static final 'GL_RGBA8' 'I' @876  32856 (8058)
 - public static final 'GL_RGB10_A2' 'I' @880  32857 (8059)
 - public static final 'GL_RGBA12' 'I' @884  32858 (805a)
 - public static final 'GL_RGBA16' 'I' @888  32859 (805b)
 - public static final 'GL_TEXTURE_RED_SIZE' 'I' @892  32860 (805c)
 - public static final 'GL_TEXTURE_GREEN_SIZE' 'I' @896  32861 (805d)
 - public static final 'GL_TEXTURE_BLUE_SIZE' 'I' @900  32862 (805e)
 - public static final 'GL_TEXTURE_ALPHA_SIZE' 'I' @904  32863 (805f)
 - public static final 'GL_PROXY_TEXTURE_1D' 'I' @908  32867 (8063)
 - public static final 'GL_PROXY_TEXTURE_2D' 'I' @912  32868 (8064)
 - public static final 'GL_TEXTURE_BINDING_1D' 'I' @916  32872 (8068)
 - public static final 'GL_TEXTURE_BINDING_2D' 'I' @920  32873 (8069)
 - public static final 'GL_VERTEX_ARRAY' 'I' @924  32884 (8074)
R12=0x0 is NULL
R13=0x0000020ff7d43b98 is pointing into metadata
R14=0x000000ccbecff2f0 is pointing into the stack for thread: 0x0000020fd3c2f760
R15=0x0000020fd3c2f760 is a thread


Top of Stack: (sp=0x000000ccbecff228)
0x000000ccbecff228:   0000020fe30ef95d 0000020fe30eb865
0x000000ccbecff238:   0000020fe30ef63a 0000020ff7d43ba0
0x000000ccbecff248:   0000000000000000 3ff0000000000320
0x000000ccbecff258:   0000020f00000258 0000000000000000
0x000000ccbecff268:   0000020fe30ef5f6 000000ccbecff270
0x000000ccbecff278:   0000020ff7d43b98 000000ccbecff2f0
0x000000ccbecff288:   0000020ff7d46f10 0000000000000000
0x000000ccbecff298:   0000000710b2da20 0000020ff7d43ba0
0x000000ccbecff2a8:   0000000000000000 000000ccbecff2d8
0x000000ccbecff2b8:   000000ccbecff340 0000020fe30eb796
0x000000ccbecff2c8:   0000000710b2da20 0000020fe30ed197
0x000000ccbecff2d8:   0000000000000258 0000000000000320
0x000000ccbecff2e8:   0000000000000000 0000000000000000
0x000000ccbecff2f8:   000000ccbecff2f8 0000020ff7d22294
0x000000ccbecff308:   000000ccbecff368 0000020ff7d30000
0x000000ccbecff318:   0000000000000000 0000000710ad62a8 

Instructions: (pc=0x00007ff8ffe5cdec)
0x00007ff8ffe5ccec:   cc cc cc cc 48 8b 01 45 8b d8 4c 8b 44 24 28 41
0x00007ff8ffe5ccfc:   8b d1 41 8b cb 4c 8b 50 18 49 ff a2 88 09 00 00
0x00007ff8ffe5cd0c:   cc cc cc cc 40 53 48 83 ec 40 48 8b 01 41 8b d8
0x00007ff8ffe5cd1c:   44 8b 44 24 70 41 8b d1 44 8b 4c 24 78 8b cb 4c
0x00007ff8ffe5cd2c:   8b 50 18 48 8b 84 24 90 00 00 00 48 89 44 24 30
0x00007ff8ffe5cd3c:   8b 84 24 88 00 00 00 89 44 24 28 8b 84 24 80 00
0x00007ff8ffe5cd4c:   00 00 89 44 24 20 41 ff 92 90 09 00 00 48 83 c4
0x00007ff8ffe5cd5c:   40 5b c3 cc 40 53 48 83 ec 50 48 8b 01 41 8b d8
0x00007ff8ffe5cd6c:   44 8b 84 24 80 00 00 00 41 8b d1 44 8b 8c 24 88
0x00007ff8ffe5cd7c:   00 00 00 8b cb 4c 8b 50 18 48 8b 84 24 b0 00 00
0x00007ff8ffe5cd8c:   00 48 89 44 24 40 8b 84 24 a8 00 00 00 89 44 24
0x00007ff8ffe5cd9c:   38 8b 84 24 a0 00 00 00 89 44 24 30 8b 84 24 98
0x00007ff8ffe5cdac:   00 00 00 89 44 24 28 8b 84 24 90 00 00 00 89 44
0x00007ff8ffe5cdbc:   24 20 41 ff 92 98 09 00 00 48 83 c4 50 5b c3 cc
0x00007ff8ffe5cdcc:   cc cc cc cc 40 53 48 8b 01 41 8b d8 44 8b 44 24
0x00007ff8ffe5cddc:   30 41 8b d1 44 8b 4c 24 38 8b cb 4c 8b 50 18 5b
0x00007ff8ffe5cdec:   49 ff a2 78 0a 00 00 cc cc cc cc cc cc cc cc cc
0x00007ff8ffe5cdfc:   cc cc cc cc 40 53 48 83 ec 50 48 8b 01 41 8b d8
0x00007ff8ffe5ce0c:   44 8b 84 24 80 00 00 00 41 8b d1 44 8b 8c 24 88
0x00007ff8ffe5ce1c:   00 00 00 8b cb 4c 8b 50 18 48 8b 84 24 b8 00 00
0x00007ff8ffe5ce2c:   00 48 89 44 24 48 8b 84 24 b0 00 00 00 89 44 24
0x00007ff8ffe5ce3c:   40 8b 84 24 a8 00 00 00 89 44 24 38 8b 84 24 a0
0x00007ff8ffe5ce4c:   00 00 00 89 44 24 30 8b 84 24 98 00 00 00 89 44
0x00007ff8ffe5ce5c:   24 28 8b 84 24 90 00 00 00 89 44 24 20 41 ff 92
0x00007ff8ffe5ce6c:   80 0a 00 00 48 83 c4 50 5b c3 cc cc cc cc cc cc
0x00007ff8ffe5ce7c:   cc cc cc cc 40 53 48 83 ec 60 48 8b 01 41 8b d8
0x00007ff8ffe5ce8c:   44 8b 84 24 90 00 00 00 41 8b d1 44 8b 8c 24 98
0x00007ff8ffe5ce9c:   00 00 00 8b cb 4c 8b 50 18 48 8b 84 24 d0 00 00
0x00007ff8ffe5ceac:   00 48 89 44 24 50 8b 84 24 c8 00 00 00 89 44 24
0x00007ff8ffe5cebc:   48 8b 84 24 c0 00 00 00 89 44 24 40 8b 84 24 b8
0x00007ff8ffe5cecc:   00 00 00 89 44 24 38 8b 84 24 b0 00 00 00 89 44
0x00007ff8ffe5cedc:   24 30 8b 84 24 a8 00 00 00 89 44 24 28 8b 84 24 


Stack slot to memory mapping:
stack at sp + 0 slots: 0x0000020fe30ef95d is at code_begin+1053 in an Interpreter codelet
method entry point (kind = native)  [0x0000020fe30ef540, 0x0000020fe30f0050]  2832 bytes
stack at sp + 1 slots: 0x0000020fe30eb865 is at code_begin+1317 in an Interpreter codelet
return entry points  [0x0000020fe30eb340, 0x0000020fe30ebe20]  2784 bytes
stack at sp + 2 slots: 0x0000020fe30ef63a is at code_begin+250 in an Interpreter codelet
method entry point (kind = native)  [0x0000020fe30ef540, 0x0000020fe30f0050]  2832 bytes
stack at sp + 3 slots: {method} {0x0000020ff7d43ba8} 'glViewport' '(IIII)V' in 'org/lwjgl/opengl/GL11C'
stack at sp + 4 slots: 0x0 is NULL
stack at sp + 5 slots: 0x3ff0000000000320 is an unknown value
stack at sp + 6 slots: 0x0000020f00000258 is an unknown value
stack at sp + 7 slots: 0x0 is NULL


---------------  P R O C E S S  ---------------

Threads class SMR info:
_java_thread_list=0x0000020ffba68b70, length=13, elements={
0x0000020fd3c2f760, 0x0000020ff74e4fb0, 0x0000020ff74e9900, 0x0000020ff74ec5a0,
0x0000020ff74eced0, 0x0000020ff74ed800, 0x0000020ff74f0140, 0x0000020ff74f42a0,
0x0000020ff74fcc20, 0x0000020ff7505d60, 0x0000020ffb8d3bf0, 0x0000020ffb8d4140,
0x0000020ffb8d5130
}

Java Threads: ( => current thread )
=>0x0000020fd3c2f760 JavaThread "main" [_thread_in_native, id=21776, stack(0x000000ccbec00000,0x000000ccbed00000)]
  0x0000020ff74e4fb0 JavaThread "Reference Handler" daemon [_thread_blocked, id=6120, stack(0x000000ccbf300000,0x000000ccbf400000)]
  0x0000020ff74e9900 JavaThread "Finalizer" daemon [_thread_blocked, id=23508, stack(0x000000ccbf400000,0x000000ccbf500000)]
  0x0000020ff74ec5a0 JavaThread "Signal Dispatcher" daemon [_thread_blocked, id=18612, stack(0x000000ccbf500000,0x000000ccbf600000)]
  0x0000020ff74eced0 JavaThread "Attach Listener" daemon [_thread_blocked, id=7800, stack(0x000000ccbf600000,0x000000ccbf700000)]
  0x0000020ff74ed800 JavaThread "Service Thread" daemon [_thread_blocked, id=6560, stack(0x000000ccbf700000,0x000000ccbf800000)]
  0x0000020ff74f0140 JavaThread "Monitor Deflation Thread" daemon [_thread_blocked, id=15696, stack(0x000000ccbf800000,0x000000ccbf900000)]
  0x0000020ff74f42a0 JavaThread "C2 CompilerThread0" daemon [_thread_blocked, id=20384, stack(0x000000ccbf900000,0x000000ccbfa00000)]
  0x0000020ff74fcc20 JavaThread "C1 CompilerThread0" daemon [_thread_blocked, id=16980, stack(0x000000ccbfa00000,0x000000ccbfb00000)]
  0x0000020ff7505d60 JavaThread "Sweeper thread" daemon [_thread_blocked, id=360, stack(0x000000ccbfb00000,0x000000ccbfc00000)]
  0x0000020ffb8d3bf0 JavaThread "Common-Cleaner" daemon [_thread_blocked, id=10904, stack(0x000000ccbfc00000,0x000000ccbfd00000)]
  0x0000020ffb8d4140 JavaThread "Monitor Ctrl-Break" daemon [_thread_in_native, id=5032, stack(0x000000ccbfd00000,0x000000ccbfe00000)]
  0x0000020ffb8d5130 JavaThread "Notification Thread" daemon [_thread_blocked, id=16136, stack(0x000000ccbfe00000,0x000000ccbff00000)]

Other Threads:
  0x0000020ff74c7330 VMThread "VM Thread" [stack: 0x000000ccbf200000,0x000000ccbf300000] [id=9516]
  0x0000020ffba767f0 WatcherThread "VM Periodic Task Thread" [stack: 0x000000ccbff00000,0x000000ccc0000000] [id=7944]
  0x0000020fd3ca2090 WorkerThread "GC Thread#0" [stack: 0x000000ccbed00000,0x000000ccbee00000] [id=1424]
  0x0000020fd3cb3020 ConcurrentGCThread "G1 Main Marker" [stack: 0x000000ccbee00000,0x000000ccbef00000] [id=10400]
  0x0000020fd3cb5240 WorkerThread "G1 Conc#0" [stack: 0x000000ccbef00000,0x000000ccbf000000] [id=10408]
  0x0000020fd3cfe650 ConcurrentGCThread "G1 Refine#0" [stack: 0x000000ccbf000000,0x000000ccbf100000] [id=10096]
  0x0000020ff7383260 ConcurrentGCThread "G1 Service" [stack: 0x000000ccbf100000,0x000000ccbf200000] [id=17868]

Threads with active compile tasks:

VM state: not at safepoint (normal execution)

VM Mutex/Monitor currently owned by a thread: None

Heap address: 0x0000000701200000, size: 4078 MB, Compressed Oops mode: Zero based, Oop shift amount: 3

CDS archive(s) mapped at: [0x0000000800000000-0x0000000800c40000-0x0000000800c40000), size 12845056, SharedBaseAddress: 0x0000000800000000, ArchiveRelocationMode: 0.
Compressed class space mapped at: 0x0000000801000000-0x0000000841000000, reserved size: 1073741824
Narrow klass base: 0x0000000800000000, Narrow klass shift: 0, Narrow klass range: 0x100000000

GC Precious Log:
 CardTable entry size: 512
 Card Set container configuration: InlinePtr #cards 4 size 8 Array Of Cards #cards 16 size 48 Howl #buckets 8 coarsen threshold 3686 Howl Bitmap #cards 512 size 80 coarsen threshold 460 Card regions per heap region 1 cards per card region 4096
 CPUs: 12 total, 12 available
 Memory: 16306M
 Large Page Support: Disabled
 NUMA Support: Disabled
 Compressed Oops: Enabled (Zero based)
 Heap Region Size: 2M
 Heap Min Capacity: 8M
 Heap Initial Capacity: 256M
 Heap Max Capacity: 4078M
 Pre-touch: Disabled
 Parallel Workers: 10
 Concurrent Workers: 3
 Concurrent Refinement Workers: 10
 Periodic GC: Disabled

Heap:
 garbage-first heap   total 262144K, used 6144K [0x0000000701200000, 0x0000000800000000)
  region size 2048K, 4 young (8192K), 0 survivors (0K)
 Metaspace       used 3002K, committed 3136K, reserved 1114112K
  class space    used 199K, committed 256K, reserved 1048576K

Heap Regions: E=young(eden), S=young(survivor), O=old, HS=humongous(starts), HC=humongous(continues), CS=collection set, F=free, OA=open archive, CA=closed archive, TAMS=top-at-mark-start (previous, next)
|   0|0x0000000701200000, 0x0000000701200000, 0x0000000701400000|  0%| F|  |TAMS 0x0000000701200000, 0x0000000701200000| Untracked 
|   1|0x0000000701400000, 0x0000000701400000, 0x0000000701600000|  0%| F|  |TAMS 0x0000000701400000, 0x0000000701400000| Untracked 
|   2|0x0000000701600000, 0x0000000701600000, 0x0000000701800000|  0%| F|  |TAMS 0x0000000701600000, 0x0000000701600000| Untracked 
|   3|0x0000000701800000, 0x0000000701800000, 0x0000000701a00000|  0%| F|  |TAMS 0x0000000701800000, 0x0000000701800000| Untracked 
|   4|0x0000000701a00000, 0x0000000701a00000, 0x0000000701c00000|  0%| F|  |TAMS 0x0000000701a00000, 0x0000000701a00000| Untracked 
|   5|0x0000000701c00000, 0x0000000701c00000, 0x0000000701e00000|  0%| F|  |TAMS 0x0000000701c00000, 0x0000000701c00000| Untracked 
|   6|0x0000000701e00000, 0x0000000701e00000, 0x0000000702000000|  0%| F|  |TAMS 0x0000000701e00000, 0x0000000701e00000| Untracked 
|   7|0x0000000702000000, 0x0000000702000000, 0x0000000702200000|  0%| F|  |TAMS 0x0000000702000000, 0x0000000702000000| Untracked 
|   8|0x0000000702200000, 0x0000000702200000, 0x0000000702400000|  0%| F|  |TAMS 0x0000000702200000, 0x0000000702200000| Untracked 
|   9|0x0000000702400000, 0x0000000702400000, 0x0000000702600000|  0%| F|  |TAMS 0x0000000702400000, 0x0000000702400000| Untracked 
|  10|0x0000000702600000, 0x0000000702600000, 0x0000000702800000|  0%| F|  |TAMS 0x0000000702600000, 0x0000000702600000| Untracked 
|  11|0x0000000702800000, 0x0000000702800000, 0x0000000702a00000|  0%| F|  |TAMS 0x0000000702800000, 0x0000000702800000| Untracked 
|  12|0x0000000702a00000, 0x0000000702a00000, 0x0000000702c00000|  0%| F|  |TAMS 0x0000000702a00000, 0x0000000702a00000| Untracked 
|  13|0x0000000702c00000, 0x0000000702c00000, 0x0000000702e00000|  0%| F|  |TAMS 0x0000000702c00000, 0x0000000702c00000| Untracked 
|  14|0x0000000702e00000, 0x0000000702e00000, 0x0000000703000000|  0%| F|  |TAMS 0x0000000702e00000, 0x0000000702e00000| Untracked 
|  15|0x0000000703000000, 0x0000000703000000, 0x0000000703200000|  0%| F|  |TAMS 0x0000000703000000, 0x0000000703000000| Untracked 
|  16|0x0000000703200000, 0x0000000703200000, 0x0000000703400000|  0%| F|  |TAMS 0x0000000703200000, 0x0000000703200000| Untracked 
|  17|0x0000000703400000, 0x0000000703400000, 0x0000000703600000|  0%| F|  |TAMS 0x0000000703400000, 0x0000000703400000| Untracked 
|  18|0x0000000703600000, 0x0000000703600000, 0x0000000703800000|  0%| F|  |TAMS 0x0000000703600000, 0x0000000703600000| Untracked 
|  19|0x0000000703800000, 0x0000000703800000, 0x0000000703a00000|  0%| F|  |TAMS 0x0000000703800000, 0x0000000703800000| Untracked 
|  20|0x0000000703a00000, 0x0000000703a00000, 0x0000000703c00000|  0%| F|  |TAMS 0x0000000703a00000, 0x0000000703a00000| Untracked 
|  21|0x0000000703c00000, 0x0000000703c00000, 0x0000000703e00000|  0%| F|  |TAMS 0x0000000703c00000, 0x0000000703c00000| Untracked 
|  22|0x0000000703e00000, 0x0000000703e00000, 0x0000000704000000|  0%| F|  |TAMS 0x0000000703e00000, 0x0000000703e00000| Untracked 
|  23|0x0000000704000000, 0x0000000704000000, 0x0000000704200000|  0%| F|  |TAMS 0x0000000704000000, 0x0000000704000000| Untracked 
|  24|0x0000000704200000, 0x0000000704200000, 0x0000000704400000|  0%| F|  |TAMS 0x0000000704200000, 0x0000000704200000| Untracked 
|  25|0x0000000704400000, 0x0000000704400000, 0x0000000704600000|  0%| F|  |TAMS 0x0000000704400000, 0x0000000704400000| Untracked 
|  26|0x0000000704600000, 0x0000000704600000, 0x0000000704800000|  0%| F|  |TAMS 0x0000000704600000, 0x0000000704600000| Untracked 
|  27|0x0000000704800000, 0x0000000704800000, 0x0000000704a00000|  0%| F|  |TAMS 0x0000000704800000, 0x0000000704800000| Untracked 
|  28|0x0000000704a00000, 0x0000000704a00000, 0x0000000704c00000|  0%| F|  |TAMS 0x0000000704a00000, 0x0000000704a00000| Untracked 
|  29|0x0000000704c00000, 0x0000000704c00000, 0x0000000704e00000|  0%| F|  |TAMS 0x0000000704c00000, 0x0000000704c00000| Untracked 
|  30|0x0000000704e00000, 0x0000000704e00000, 0x0000000705000000|  0%| F|  |TAMS 0x0000000704e00000, 0x0000000704e00000| Untracked 
|  31|0x0000000705000000, 0x0000000705000000, 0x0000000705200000|  0%| F|  |TAMS 0x0000000705000000, 0x0000000705000000| Untracked 
|  32|0x0000000705200000, 0x0000000705200000, 0x0000000705400000|  0%| F|  |TAMS 0x0000000705200000, 0x0000000705200000| Untracked 
|  33|0x0000000705400000, 0x0000000705400000, 0x0000000705600000|  0%| F|  |TAMS 0x0000000705400000, 0x0000000705400000| Untracked 
|  34|0x0000000705600000, 0x0000000705600000, 0x0000000705800000|  0%| F|  |TAMS 0x0000000705600000, 0x0000000705600000| Untracked 
|  35|0x0000000705800000, 0x0000000705800000, 0x0000000705a00000|  0%| F|  |TAMS 0x0000000705800000, 0x0000000705800000| Untracked 
|  36|0x0000000705a00000, 0x0000000705a00000, 0x0000000705c00000|  0%| F|  |TAMS 0x0000000705a00000, 0x0000000705a00000| Untracked 
|  37|0x0000000705c00000, 0x0000000705c00000, 0x0000000705e00000|  0%| F|  |TAMS 0x0000000705c00000, 0x0000000705c00000| Untracked 
|  38|0x0000000705e00000, 0x0000000705e00000, 0x0000000706000000|  0%| F|  |TAMS 0x0000000705e00000, 0x0000000705e00000| Untracked 
|  39|0x0000000706000000, 0x0000000706000000, 0x0000000706200000|  0%| F|  |TAMS 0x0000000706000000, 0x0000000706000000| Untracked 
|  40|0x0000000706200000, 0x0000000706200000, 0x0000000706400000|  0%| F|  |TAMS 0x0000000706200000, 0x0000000706200000| Untracked 
|  41|0x0000000706400000, 0x0000000706400000, 0x0000000706600000|  0%| F|  |TAMS 0x0000000706400000, 0x0000000706400000| Untracked 
|  42|0x0000000706600000, 0x0000000706600000, 0x0000000706800000|  0%| F|  |TAMS 0x0000000706600000, 0x0000000706600000| Untracked 
|  43|0x0000000706800000, 0x0000000706800000, 0x0000000706a00000|  0%| F|  |TAMS 0x0000000706800000, 0x0000000706800000| Untracked 
|  44|0x0000000706a00000, 0x0000000706a00000, 0x0000000706c00000|  0%| F|  |TAMS 0x0000000706a00000, 0x0000000706a00000| Untracked 
|  45|0x0000000706c00000, 0x0000000706c00000, 0x0000000706e00000|  0%| F|  |TAMS 0x0000000706c00000, 0x0000000706c00000| Untracked 
|  46|0x0000000706e00000, 0x0000000706e00000, 0x0000000707000000|  0%| F|  |TAMS 0x0000000706e00000, 0x0000000706e00000| Untracked 
|  47|0x0000000707000000, 0x0000000707000000, 0x0000000707200000|  0%| F|  |TAMS 0x0000000707000000, 0x0000000707000000| Untracked 
|  48|0x0000000707200000, 0x0000000707200000, 0x0000000707400000|  0%| F|  |TAMS 0x0000000707200000, 0x0000000707200000| Untracked 
|  49|0x0000000707400000, 0x0000000707400000, 0x0000000707600000|  0%| F|  |TAMS 0x0000000707400000, 0x0000000707400000| Untracked 
|  50|0x0000000707600000, 0x0000000707600000, 0x0000000707800000|  0%| F|  |TAMS 0x0000000707600000, 0x0000000707600000| Untracked 
|  51|0x0000000707800000, 0x0000000707800000, 0x0000000707a00000|  0%| F|  |TAMS 0x0000000707800000, 0x0000000707800000| Untracked 
|  52|0x0000000707a00000, 0x0000000707a00000, 0x0000000707c00000|  0%| F|  |TAMS 0x0000000707a00000, 0x0000000707a00000| Untracked 
|  53|0x0000000707c00000, 0x0000000707c00000, 0x0000000707e00000|  0%| F|  |TAMS 0x0000000707c00000, 0x0000000707c00000| Untracked 
|  54|0x0000000707e00000, 0x0000000707e00000, 0x0000000708000000|  0%| F|  |TAMS 0x0000000707e00000, 0x0000000707e00000| Untracked 
|  55|0x0000000708000000, 0x0000000708000000, 0x0000000708200000|  0%| F|  |TAMS 0x0000000708000000, 0x0000000708000000| Untracked 
|  56|0x0000000708200000, 0x0000000708200000, 0x0000000708400000|  0%| F|  |TAMS 0x0000000708200000, 0x0000000708200000| Untracked 
|  57|0x0000000708400000, 0x0000000708400000, 0x0000000708600000|  0%| F|  |TAMS 0x0000000708400000, 0x0000000708400000| Untracked 
|  58|0x0000000708600000, 0x0000000708600000, 0x0000000708800000|  0%| F|  |TAMS 0x0000000708600000, 0x0000000708600000| Untracked 
|  59|0x0000000708800000, 0x0000000708800000, 0x0000000708a00000|  0%| F|  |TAMS 0x0000000708800000, 0x0000000708800000| Untracked 
|  60|0x0000000708a00000, 0x0000000708a00000, 0x0000000708c00000|  0%| F|  |TAMS 0x0000000708a00000, 0x0000000708a00000| Untracked 
|  61|0x0000000708c00000, 0x0000000708c00000, 0x0000000708e00000|  0%| F|  |TAMS 0x0000000708c00000, 0x0000000708c00000| Untracked 
|  62|0x0000000708e00000, 0x0000000708e00000, 0x0000000709000000|  0%| F|  |TAMS 0x0000000708e00000, 0x0000000708e00000| Untracked 
|  63|0x0000000709000000, 0x0000000709000000, 0x0000000709200000|  0%| F|  |TAMS 0x0000000709000000, 0x0000000709000000| Untracked 
|  64|0x0000000709200000, 0x0000000709200000, 0x0000000709400000|  0%| F|  |TAMS 0x0000000709200000, 0x0000000709200000| Untracked 
|  65|0x0000000709400000, 0x0000000709400000, 0x0000000709600000|  0%| F|  |TAMS 0x0000000709400000, 0x0000000709400000| Untracked 
|  66|0x0000000709600000, 0x0000000709600000, 0x0000000709800000|  0%| F|  |TAMS 0x0000000709600000, 0x0000000709600000| Untracked 
|  67|0x0000000709800000, 0x0000000709800000, 0x0000000709a00000|  0%| F|  |TAMS 0x0000000709800000, 0x0000000709800000| Untracked 
|  68|0x0000000709a00000, 0x0000000709a00000, 0x0000000709c00000|  0%| F|  |TAMS 0x0000000709a00000, 0x0000000709a00000| Untracked 
|  69|0x0000000709c00000, 0x0000000709c00000, 0x0000000709e00000|  0%| F|  |TAMS 0x0000000709c00000, 0x0000000709c00000| Untracked 
|  70|0x0000000709e00000, 0x0000000709e00000, 0x000000070a000000|  0%| F|  |TAMS 0x0000000709e00000, 0x0000000709e00000| Untracked 
|  71|0x000000070a000000, 0x000000070a000000, 0x000000070a200000|  0%| F|  |TAMS 0x000000070a000000, 0x000000070a000000| Untracked 
|  72|0x000000070a200000, 0x000000070a200000, 0x000000070a400000|  0%| F|  |TAMS 0x000000070a200000, 0x000000070a200000| Untracked 
|  73|0x000000070a400000, 0x000000070a400000, 0x000000070a600000|  0%| F|  |TAMS 0x000000070a400000, 0x000000070a400000| Untracked 
|  74|0x000000070a600000, 0x000000070a600000, 0x000000070a800000|  0%| F|  |TAMS 0x000000070a600000, 0x000000070a600000| Untracked 
|  75|0x000000070a800000, 0x000000070a800000, 0x000000070aa00000|  0%| F|  |TAMS 0x000000070a800000, 0x000000070a800000| Untracked 
|  76|0x000000070aa00000, 0x000000070aa00000, 0x000000070ac00000|  0%| F|  |TAMS 0x000000070aa00000, 0x000000070aa00000| Untracked 
|  77|0x000000070ac00000, 0x000000070ac00000, 0x000000070ae00000|  0%| F|  |TAMS 0x000000070ac00000, 0x000000070ac00000| Untracked 
|  78|0x000000070ae00000, 0x000000070ae00000, 0x000000070b000000|  0%| F|  |TAMS 0x000000070ae00000, 0x000000070ae00000| Untracked 
|  79|0x000000070b000000, 0x000000070b000000, 0x000000070b200000|  0%| F|  |TAMS 0x000000070b000000, 0x000000070b000000| Untracked 
|  80|0x000000070b200000, 0x000000070b200000, 0x000000070b400000|  0%| F|  |TAMS 0x000000070b200000, 0x000000070b200000| Untracked 
|  81|0x000000070b400000, 0x000000070b400000, 0x000000070b600000|  0%| F|  |TAMS 0x000000070b400000, 0x000000070b400000| Untracked 
|  82|0x000000070b600000, 0x000000070b600000, 0x000000070b800000|  0%| F|  |TAMS 0x000000070b600000, 0x000000070b600000| Untracked 
|  83|0x000000070b800000, 0x000000070b800000, 0x000000070ba00000|  0%| F|  |TAMS 0x000000070b800000, 0x000000070b800000| Untracked 
|  84|0x000000070ba00000, 0x000000070ba00000, 0x000000070bc00000|  0%| F|  |TAMS 0x000000070ba00000, 0x000000070ba00000| Untracked 
|  85|0x000000070bc00000, 0x000000070bc00000, 0x000000070be00000|  0%| F|  |TAMS 0x000000070bc00000, 0x000000070bc00000| Untracked 
|  86|0x000000070be00000, 0x000000070be00000, 0x000000070c000000|  0%| F|  |TAMS 0x000000070be00000, 0x000000070be00000| Untracked 
|  87|0x000000070c000000, 0x000000070c000000, 0x000000070c200000|  0%| F|  |TAMS 0x000000070c000000, 0x000000070c000000| Untracked 
|  88|0x000000070c200000, 0x000000070c200000, 0x000000070c400000|  0%| F|  |TAMS 0x000000070c200000, 0x000000070c200000| Untracked 
|  89|0x000000070c400000, 0x000000070c400000, 0x000000070c600000|  0%| F|  |TAMS 0x000000070c400000, 0x000000070c400000| Untracked 
|  90|0x000000070c600000, 0x000000070c600000, 0x000000070c800000|  0%| F|  |TAMS 0x000000070c600000, 0x000000070c600000| Untracked 
|  91|0x000000070c800000, 0x000000070c800000, 0x000000070ca00000|  0%| F|  |TAMS 0x000000070c800000, 0x000000070c800000| Untracked 
|  92|0x000000070ca00000, 0x000000070ca00000, 0x000000070cc00000|  0%| F|  |TAMS 0x000000070ca00000, 0x000000070ca00000| Untracked 
|  93|0x000000070cc00000, 0x000000070cc00000, 0x000000070ce00000|  0%| F|  |TAMS 0x000000070cc00000, 0x000000070cc00000| Untracked 
|  94|0x000000070ce00000, 0x000000070ce00000, 0x000000070d000000|  0%| F|  |TAMS 0x000000070ce00000, 0x000000070ce00000| Untracked 
|  95|0x000000070d000000, 0x000000070d000000, 0x000000070d200000|  0%| F|  |TAMS 0x000000070d000000, 0x000000070d000000| Untracked 
|  96|0x000000070d200000, 0x000000070d200000, 0x000000070d400000|  0%| F|  |TAMS 0x000000070d200000, 0x000000070d200000| Untracked 
|  97|0x000000070d400000, 0x000000070d400000, 0x000000070d600000|  0%| F|  |TAMS 0x000000070d400000, 0x000000070d400000| Untracked 
|  98|0x000000070d600000, 0x000000070d600000, 0x000000070d800000|  0%| F|  |TAMS 0x000000070d600000, 0x000000070d600000| Untracked 
|  99|0x000000070d800000, 0x000000070d800000, 0x000000070da00000|  0%| F|  |TAMS 0x000000070d800000, 0x000000070d800000| Untracked 
| 100|0x000000070da00000, 0x000000070da00000, 0x000000070dc00000|  0%| F|  |TAMS 0x000000070da00000, 0x000000070da00000| Untracked 
| 101|0x000000070dc00000, 0x000000070dc00000, 0x000000070de00000|  0%| F|  |TAMS 0x000000070dc00000, 0x000000070dc00000| Untracked 
| 102|0x000000070de00000, 0x000000070de00000, 0x000000070e000000|  0%| F|  |TAMS 0x000000070de00000, 0x000000070de00000| Untracked 
| 103|0x000000070e000000, 0x000000070e000000, 0x000000070e200000|  0%| F|  |TAMS 0x000000070e000000, 0x000000070e000000| Untracked 
| 104|0x000000070e200000, 0x000000070e200000, 0x000000070e400000|  0%| F|  |TAMS 0x000000070e200000, 0x000000070e200000| Untracked 
| 105|0x000000070e400000, 0x000000070e400000, 0x000000070e600000|  0%| F|  |TAMS 0x000000070e400000, 0x000000070e400000| Untracked 
| 106|0x000000070e600000, 0x000000070e600000, 0x000000070e800000|  0%| F|  |TAMS 0x000000070e600000, 0x000000070e600000| Untracked 
| 107|0x000000070e800000, 0x000000070e800000, 0x000000070ea00000|  0%| F|  |TAMS 0x000000070e800000, 0x000000070e800000| Untracked 
| 108|0x000000070ea00000, 0x000000070ea00000, 0x000000070ec00000|  0%| F|  |TAMS 0x000000070ea00000, 0x000000070ea00000| Untracked 
| 109|0x000000070ec00000, 0x000000070ec00000, 0x000000070ee00000|  0%| F|  |TAMS 0x000000070ec00000, 0x000000070ec00000| Untracked 
| 110|0x000000070ee00000, 0x000000070ee00000, 0x000000070f000000|  0%| F|  |TAMS 0x000000070ee00000, 0x000000070ee00000| Untracked 
| 111|0x000000070f000000, 0x000000070f000000, 0x000000070f200000|  0%| F|  |TAMS 0x000000070f000000, 0x000000070f000000| Untracked 
| 112|0x000000070f200000, 0x000000070f200000, 0x000000070f400000|  0%| F|  |TAMS 0x000000070f200000, 0x000000070f200000| Untracked 
| 113|0x000000070f400000, 0x000000070f400000, 0x000000070f600000|  0%| F|  |TAMS 0x000000070f400000, 0x000000070f400000| Untracked 
| 114|0x000000070f600000, 0x000000070f600000, 0x000000070f800000|  0%| F|  |TAMS 0x000000070f600000, 0x000000070f600000| Untracked 
| 115|0x000000070f800000, 0x000000070f800000, 0x000000070fa00000|  0%| F|  |TAMS 0x000000070f800000, 0x000000070f800000| Untracked 
| 116|0x000000070fa00000, 0x000000070fa00000, 0x000000070fc00000|  0%| F|  |TAMS 0x000000070fa00000, 0x000000070fa00000| Untracked 
| 117|0x000000070fc00000, 0x000000070fc00000, 0x000000070fe00000|  0%| F|  |TAMS 0x000000070fc00000, 0x000000070fc00000| Untracked 
| 118|0x000000070fe00000, 0x000000070fe00000, 0x0000000710000000|  0%| F|  |TAMS 0x000000070fe00000, 0x000000070fe00000| Untracked 
| 119|0x0000000710000000, 0x0000000710000000, 0x0000000710200000|  0%| F|  |TAMS 0x0000000710000000, 0x0000000710000000| Untracked 
| 120|0x0000000710200000, 0x0000000710200000, 0x0000000710400000|  0%| F|  |TAMS 0x0000000710200000, 0x0000000710200000| Untracked 
| 121|0x0000000710400000, 0x0000000710400000, 0x0000000710600000|  0%| F|  |TAMS 0x0000000710400000, 0x0000000710400000| Untracked 
| 122|0x0000000710600000, 0x0000000710600000, 0x0000000710800000|  0%| F|  |TAMS 0x0000000710600000, 0x0000000710600000| Untracked 
| 123|0x0000000710800000, 0x0000000710800000, 0x0000000710a00000|  0%| F|  |TAMS 0x0000000710800000, 0x0000000710800000| Untracked 
| 124|0x0000000710a00000, 0x0000000710b7a610, 0x0000000710c00000| 73%| E|  |TAMS 0x0000000710a00000, 0x0000000710a00000| Complete 
| 125|0x0000000710c00000, 0x0000000710e00000, 0x0000000710e00000|100%| E|CS|TAMS 0x0000000710c00000, 0x0000000710c00000| Complete 
| 126|0x0000000710e00000, 0x0000000711000000, 0x0000000711000000|100%| E|CS|TAMS 0x0000000710e00000, 0x0000000710e00000| Complete 
| 127|0x0000000711000000, 0x0000000711200000, 0x0000000711200000|100%| E|CS|TAMS 0x0000000711000000, 0x0000000711000000| Complete 

Card table byte_map: [0x0000020feb8f0000,0x0000020fec0f0000] _byte_map_base: 0x0000020fe80e7000

Marking Bits (Prev, Next): (CMBitMap*) 0x0000020fd3ca26c0, (CMBitMap*) 0x0000020fd3ca2700
 Prev Bits: [0x0000020fec8f0000, 0x0000020ff08a8000)
 Next Bits: [0x0000020ff08b0000, 0x0000020ff4868000)

Polling page: 0x0000020fd1ba0000

Metaspace:

Usage:
  Non-class:      2.74 MB used.
      Class:    199.38 KB used.
       Both:      2.93 MB used.

Virtual space:
  Non-class space:       64.00 MB reserved,       2.81 MB (  4%) committed,  1 nodes.
      Class space:        1.00 GB reserved,     256.00 KB ( <1%) committed,  1 nodes.
             Both:        1.06 GB reserved,       3.06 MB ( <1%) committed. 

Chunk freelists:
   Non-Class:  2.72 MB
       Class:  3.64 MB
        Both:  6.36 MB

MaxMetaspaceSize: unlimited
CompressedClassSpaceSize: 1.00 GB
Initial GC threshold: 21.00 MB
Current GC threshold: 21.00 MB
CDS: on
MetaspaceReclaimPolicy: balanced
 - commit_granule_bytes: 65536.
 - commit_granule_words: 8192.
 - virtual_space_node_default_size: 8388608.
 - enlarge_chunks_in_place: 1.
 - new_chunks_are_fully_committed: 0.
 - uncommit_free_chunks: 1.
 - use_allocation_guard: 0.


Internal statistics:

num_allocs_failed_limit: 0.
num_arena_births: 82.
num_arena_deaths: 0.
num_vsnodes_births: 2.
num_vsnodes_deaths: 0.
num_space_committed: 49.
num_space_uncommitted: 0.
num_chunks_returned_to_freelist: 0.
num_chunks_taken_from_freelist: 160.
num_chunk_merges: 0.
num_chunk_splits: 97.
num_chunks_enlarged: 63.
num_inconsistent_stats: 0.

CodeHeap 'non-profiled nmethods': size=120000Kb used=173Kb max_used=173Kb free=119827Kb
 bounds [0x0000020fe3670000, 0x0000020fe38e0000, 0x0000020feaba0000]
CodeHeap 'profiled nmethods': size=120000Kb used=805Kb max_used=805Kb free=119194Kb
 bounds [0x0000020fdbba0000, 0x0000020fdbe10000, 0x0000020fe30d0000]
CodeHeap 'non-nmethods': size=5760Kb used=1634Kb max_used=1648Kb free=4125Kb
 bounds [0x0000020fe30d0000, 0x0000020fe3340000, 0x0000020fe3670000]
 total_blobs=1553 nmethods=586 adapters=878
 compilation: enabled
              stopped_count=0, restarted_count=0
 full_count=0

Compilation events (20 events):
Event: 0.870 Thread 0x0000020ff74fcc20 nmethod 575 0x0000020fdbc64610 code [0x0000020fdbc648e0, 0x0000020fdbc65888]
Event: 0.870 Thread 0x0000020ff74fcc20  578       3       jdk.internal.module.SystemModuleFinders$SystemModuleReader::find (59 bytes)
Event: 0.870 Thread 0x0000020ff74fcc20 nmethod 578 0x0000020fdbc65e90 code [0x0000020fdbc66140, 0x0000020fdbc66cd8]
Event: 0.870 Thread 0x0000020ff74fcc20  579       3       jdk.internal.module.SystemModuleFinders$SystemModuleReader::containsImageLocation (42 bytes)
Event: 0.870 Thread 0x0000020ff74fcc20 nmethod 579 0x0000020fdbc67190 code [0x0000020fdbc673a0, 0x0000020fdbc67a58]
Event: 0.870 Thread 0x0000020ff74fcc20  580       3       jdk.internal.module.SystemModuleFinders$SystemImage::reader (4 bytes)
Event: 0.871 Thread 0x0000020ff74fcc20 nmethod 580 0x0000020fdbc67d10 code [0x0000020fdbc67ea0, 0x0000020fdbc67f98]
Event: 0.871 Thread 0x0000020ff74fcc20  581       3       jdk.internal.jimage.ImageReader::verifyLocation (14 bytes)
Event: 0.871 Thread 0x0000020ff74fcc20 nmethod 581 0x0000020fdbc68010 code [0x0000020fdbc681e0, 0x0000020fdbc68538]
Event: 0.871 Thread 0x0000020ff74fcc20  576       3       java.lang.ClassLoader::getClassLoadingLock (35 bytes)
Event: 0.871 Thread 0x0000020ff74fcc20 nmethod 576 0x0000020fdbc68690 code [0x0000020fdbc68860, 0x0000020fdbc68b68]
Event: 0.871 Thread 0x0000020ff74fcc20  584       3       sun.misc.Unsafe::putLong (11 bytes)
Event: 0.871 Thread 0x0000020ff74fcc20 nmethod 584 0x0000020fdbc68d10 code [0x0000020fdbc68ea0, 0x0000020fdbc68fb8]
Event: 0.871 Thread 0x0000020ff74fcc20  585       3       org.lwjgl.system.MemoryUtil::memPutAddress (29 bytes)
Event: 0.871 Thread 0x0000020ff74fcc20 nmethod 585 0x0000020fdbc69090 code [0x0000020fdbc69240, 0x0000020fdbc69438]
Event: 0.872 Thread 0x0000020ff74f42a0 nmethod 577 0x0000020fe369a710 code [0x0000020fe369a8a0, 0x0000020fe369aa48]
Event: 0.872 Thread 0x0000020ff74f42a0  582       4       java.lang.StringLatin1::lastIndexOf (40 bytes)
Event: 0.874 Thread 0x0000020ff74f42a0 nmethod 582 0x0000020fe369ac90 code [0x0000020fe369ae20, 0x0000020fe369afb8]
Event: 0.874 Thread 0x0000020ff74f42a0  586       4       sun.misc.Unsafe::putLong (11 bytes)
Event: 0.874 Thread 0x0000020ff74f42a0 nmethod 586 0x0000020fe369b110 code [0x0000020fe369b2a0, 0x0000020fe369b338]

GC Heap History (0 events):
No events

Dll operation events (12 events):
Event: 0.025 Loaded shared library D:\Resources\Java\bin\java.dll
Event: 0.061 Loaded shared library D:\Resources\Java\bin\jsvml.dll
Event: 0.158 Loaded shared library D:\Resources\Java\bin\zip.dll
Event: 0.174 Loaded shared library D:\Resources\Java\bin\instrument.dll
Event: 0.179 Loaded shared library D:\Resources\Java\bin\net.dll
Event: 0.181 Loaded shared library D:\Resources\Java\bin\nio.dll
Event: 0.184 Loaded shared library D:\Resources\Java\bin\zip.dll
Event: 0.254 Loaded shared library D:\Resources\Intellij\IntelliJ IDEA Community Edition 2022.2.3\bin\breakgen64.dll
Event: 0.356 Loaded shared library D:\Resources\Java\bin\extnet.dll
Event: 0.469 Loaded shared library D:\Resources\Java\bin\jimage.dll
Event: 0.541 Loaded shared library C:\Users\Lasse\AppData\Local\Temp\lwjglLasse\3.3.1-build-7\lwjgl.dll
Event: 0.868 Loaded shared library C:\Users\Lasse\AppData\Local\Temp\lwjglLasse\3.3.1-build-7\lwjgl_opengl.dll

Deoptimization events (6 events):
Event: 0.255 Thread 0x0000020fd3c2f760 Uncommon trap: trap_request=0xffffff45 fr.pc=0x0000020fe367f9c8 relative=0x00000000000000a8
Event: 0.255 Thread 0x0000020fd3c2f760 Uncommon trap: reason=unstable_if action=reinterpret pc=0x0000020fe367f9c8 method=java.lang.String.isLatin1()Z @ 10 c2
Event: 0.255 Thread 0x0000020fd3c2f760 DEOPT PACKING pc=0x0000020fe367f9c8 sp=0x000000ccbecfef30
Event: 0.255 Thread 0x0000020fd3c2f760 DEOPT UNPACKING pc=0x0000020fe3136da3 sp=0x000000ccbecfee70 mode 2
Event: 0.584 Thread 0x0000020fd3c2f760 DEOPT PACKING pc=0x0000020fdbbca167 sp=0x000000ccbecf92b0
Event: 0.584 Thread 0x0000020fd3c2f760 DEOPT UNPACKING pc=0x0000020fe3137543 sp=0x000000ccbecf86d0 mode 0

Classes loaded (20 events):
Event: 0.544 Loading class java/nio/DirectDoubleBufferU
Event: 0.544 Loading class java/nio/DirectDoubleBufferU done
Event: 0.544 Loading class sun/misc/Unsafe
Event: 0.545 Loading class sun/misc/Unsafe done
Event: 0.545 Loading class java/lang/invoke/DirectMethodHandle$StaticAccessor
Event: 0.545 Loading class java/lang/invoke/DirectMethodHandle$StaticAccessor done
Event: 0.548 Loading class java/util/function/LongPredicate
Event: 0.548 Loading class java/util/function/LongPredicate done
Event: 0.550 Loading class java/lang/foreign/MemorySegment
Event: 0.550 Loading class java/lang/foreign/Addressable
Event: 0.550 Loading class java/lang/foreign/Addressable done
Event: 0.550 Loading class java/lang/foreign/MemorySegment done
Event: 0.554 Loading class java/nio/InvalidMarkException
Event: 0.555 Loading class java/nio/InvalidMarkException done
Event: 0.555 Loading class java/nio/BufferUnderflowException
Event: 0.571 Loading class java/nio/BufferUnderflowException done
Event: 0.610 Loading class java/lang/NoSuchFieldError
Event: 0.610 Loading class java/lang/NoSuchFieldError done
Event: 0.619 Loading class jdk/internal/reflect/MethodHandleIntegerFieldAccessorImpl
Event: 0.620 Loading class jdk/internal/reflect/MethodHandleIntegerFieldAccessorImpl done

Classes unloaded (0 events):
No events

Classes redefined (0 events):
No events

Internal exceptions (20 events):
Event: 0.446 Thread 0x0000020fd3c2f760 Exception <a 'java/lang/NoSuchMethodError'{0x0000000710ce0878}: 'void java.lang.invoke.DelegatingMethodHandle$Holder.delegate(java.lang.Object, java.lang.Object, int, java.lang.Object)'> (0x0000000710ce0878) 
thrown [s\open\src\hotspot\share\interpreter\linkResolver.cpp, line 774]
Event: 0.446 Thread 0x0000020fd3c2f760 Exception <a 'java/lang/NoSuchMethodError'{0x0000000710ce48c8}: 'int java.lang.invoke.DirectMethodHandle$Holder.invokeSpecial(java.lang.Object, java.lang.Object, java.lang.Object)'> (0x0000000710ce48c8) 
thrown [s\open\src\hotspot\share\interpreter\linkResolver.cpp, line 774]
Event: 0.449 Thread 0x0000020fd3c2f760 Exception <a 'java/lang/NoSuchMethodError'{0x0000000710cff508}: 'void java.lang.System.loadLibrary(java.lang.String, java.lang.Class)'> (0x0000000710cff508) 
thrown [s\open\src\hotspot\share\interpreter\linkResolver.cpp, line 774]
Event: 0.539 Thread 0x0000020fd3c2f760 Exception <a 'sun/nio/fs/WindowsException'{0x0000000710d45208}> (0x0000000710d45208) 
thrown [s\open\src\hotspot\share\prims\jni.cpp, line 517]
Event: 0.540 Thread 0x0000020fd3c2f760 Exception <a 'sun/nio/fs/WindowsException'{0x0000000710d45758}> (0x0000000710d45758) 
thrown [s\open\src\hotspot\share\prims\jni.cpp, line 517]
Event: 0.549 Thread 0x0000020fd3c2f760 Exception <a 'java/lang/NoSuchMethodError'{0x0000000710d6d788}: 'int java.lang.invoke.DirectMethodHandle$Holder.invokeStaticInit(java.lang.Object, java.lang.Object, int, long)'> (0x0000000710d6d788) 
thrown [s\open\src\hotspot\share\interpreter\linkResolver.cpp, line 774]
Event: 0.549 Thread 0x0000020fd3c2f760 Exception <a 'java/lang/NoSuchMethodError'{0x0000000710d73058}: 'java.lang.Object java.lang.invoke.DirectMethodHandle$Holder.newInvokeSpecial(java.lang.Object, java.lang.Object, int)'> (0x0000000710d73058) 
thrown [s\open\src\hotspot\share\interpreter\linkResolver.cpp, line 774]
Event: 0.552 Thread 0x0000020fd3c2f760 Exception <a 'java/lang/NoSuchMethodError'{0x0000000710d81f60}: 'int java.lang.invoke.DirectMethodHandle$Holder.invokeStaticInit(java.lang.Object, java.lang.Object, long, long)'> (0x0000000710d81f60) 
thrown [s\open\src\hotspot\share\interpreter\linkResolver.cpp, line 774]
Event: 0.552 Thread 0x0000020fd3c2f760 Exception <a 'java/lang/NoSuchMethodError'{0x0000000710d88078}: 'java.lang.Object java.lang.invoke.DirectMethodHandle$Holder.newInvokeSpecial(java.lang.Object, java.lang.Object, long)'> (0x0000000710d88078) 
thrown [s\open\src\hotspot\share\interpreter\linkResolver.cpp, line 774]
Event: 0.553 Thread 0x0000020fd3c2f760 Exception <a 'java/lang/NoSuchMethodError'{0x0000000710d8c0d8}: 'java.lang.Object java.lang.invoke.Invokers$Holder.linkToTargetMethod(java.lang.Object, long, java.lang.Object)'> (0x0000000710d8c0d8) 
thrown [s\open\src\hotspot\share\interpreter\linkResolver.cpp, line 774]
Event: 0.553 Thread 0x0000020fd3c2f760 Exception <a 'java/lang/NoSuchMethodError'{0x0000000710d93660}: 'int java.lang.invoke.DirectMethodHandle$Holder.invokeStaticInit(java.lang.Object, java.lang.Object, java.lang.Object, long)'> (0x0000000710d93660) 
thrown [s\open\src\hotspot\share\interpreter\linkResolver.cpp, line 774]
Event: 0.610 Thread 0x0000020fd3c2f760 Exception <a 'sun/nio/fs/WindowsException'{0x0000000710a36028}> (0x0000000710a36028) 
thrown [s\open\src\hotspot\share\prims\jni.cpp, line 517]
Event: 0.610 Thread 0x0000020fd3c2f760 Exception <a 'sun/nio/fs/WindowsException'{0x0000000710a36388}> (0x0000000710a36388) 
thrown [s\open\src\hotspot\share\prims\jni.cpp, line 517]
Event: 0.620 Thread 0x0000020fd3c2f760 Exception <a 'java/lang/NoSuchMethodError'{0x0000000710a4a798}: 'int java.lang.invoke.Invokers$Holder.invokeExact_MT(java.lang.Object, java.lang.Object)'> (0x0000000710a4a798) 
thrown [s\open\src\hotspot\share\interpreter\linkResolver.cpp, line 774]
Event: 0.841 Thread 0x0000020fd3c2f760 Exception <a 'java/lang/NoSuchMethodError'{0x0000000710aeb318}: 'void java.lang.System.load(java.lang.String, java.lang.Class)'> (0x0000000710aeb318) 
thrown [s\open\src\hotspot\share\interpreter\linkResolver.cpp, line 774]
Event: 0.842 Thread 0x0000020fd3c2f760 Exception <a 'java/lang/NoSuchMethodError'{0x0000000710aee120}: 'void java.lang.System.loadLibrary(java.lang.String, java.lang.Class)'> (0x0000000710aee120) 
thrown [s\open\src\hotspot\share\interpreter\linkResolver.cpp, line 774]
Event: 0.866 Thread 0x0000020fd3c2f760 Exception <a 'sun/nio/fs/WindowsException'{0x0000000710afcda0}> (0x0000000710afcda0) 
thrown [s\open\src\hotspot\share\prims\jni.cpp, line 517]
Event: 0.867 Thread 0x0000020fd3c2f760 Exception <a 'sun/nio/fs/WindowsException'{0x0000000710afd148}> (0x0000000710afd148) 
thrown [s\open\src\hotspot\share\prims\jni.cpp, line 517]
Event: 0.870 Thread 0x0000020fd3c2f760 Exception <a 'sun/nio/fs/WindowsException'{0x0000000710b02138}> (0x0000000710b02138) 
thrown [s\open\src\hotspot\share\prims\jni.cpp, line 517]
Event: 0.870 Thread 0x0000020fd3c2f760 Exception <a 'sun/nio/fs/WindowsException'{0x0000000710b02418}> (0x0000000710b02418) 
thrown [s\open\src\hotspot\share\prims\jni.cpp, line 517]

VM Operations (8 events):
Event: 0.146 Executing VM operation: HandshakeAllThreads
Event: 0.146 Executing VM operation: HandshakeAllThreads done
Event: 0.314 Executing VM operation: HandshakeAllThreads
Event: 0.314 Executing VM operation: HandshakeAllThreads done
Event: 0.489 Executing VM operation: HandshakeAllThreads
Event: 0.490 Executing VM operation: HandshakeAllThreads done
Event: 0.540 Executing VM operation: HandshakeAllThreads
Event: 0.540 Executing VM operation: HandshakeAllThreads done

Events (13 events):
Event: 0.061 Thread 0x0000020fd3c2f760 Thread added: 0x0000020fd3c2f760
Event: 0.108 Thread 0x0000020ff74e4fb0 Thread added: 0x0000020ff74e4fb0
Event: 0.109 Thread 0x0000020ff74e9900 Thread added: 0x0000020ff74e9900
Event: 0.109 Thread 0x0000020ff74ec5a0 Thread added: 0x0000020ff74ec5a0
Event: 0.109 Thread 0x0000020ff74eced0 Thread added: 0x0000020ff74eced0
Event: 0.109 Thread 0x0000020ff74ed800 Thread added: 0x0000020ff74ed800
Event: 0.109 Thread 0x0000020ff74f0140 Thread added: 0x0000020ff74f0140
Event: 0.109 Thread 0x0000020ff74f42a0 Thread added: 0x0000020ff74f42a0
Event: 0.109 Thread 0x0000020ff74fcc20 Thread added: 0x0000020ff74fcc20
Event: 0.110 Thread 0x0000020ff7505d60 Thread added: 0x0000020ff7505d60
Event: 0.138 Thread 0x0000020ffb8d3bf0 Thread added: 0x0000020ffb8d3bf0
Event: 0.254 Thread 0x0000020ffb8d4140 Thread added: 0x0000020ffb8d4140
Event: 0.255 Thread 0x0000020ffb8d5130 Thread added: 0x0000020ffb8d5130


Dynamic libraries:
0x00007ff7683c0000 - 0x00007ff7683d0000 	D:\Resources\Java\bin\java.exe
0x00007ff95d240000 - 0x00007ff95d449000 	C:\Windows\SYSTEM32\ntdll.dll
0x00007ff95b0c0000 - 0x00007ff95b17e000 	C:\Windows\System32\KERNEL32.DLL
0x00007ff95a960000 - 0x00007ff95acdb000 	C:\Windows\System32\KERNELBASE.dll
0x00007ff95a710000 - 0x00007ff95a821000 	C:\Windows\System32\ucrtbase.dll
0x00007ff9311e0000 - 0x00007ff9311fb000 	D:\Resources\Java\bin\VCRUNTIME140.dll
0x00007ff931200000 - 0x00007ff931218000 	D:\Resources\Java\bin\jli.dll
0x00007ff95c470000 - 0x00007ff95c51e000 	C:\Windows\System32\ADVAPI32.dll
0x00007ff95c300000 - 0x00007ff95c3a3000 	C:\Windows\System32\msvcrt.dll
0x00007ff95cd10000 - 0x00007ff95cdae000 	C:\Windows\System32\sechost.dll
0x00007ff95b180000 - 0x00007ff95b2a0000 	C:\Windows\System32\RPCRT4.dll
0x00007ff95cfd0000 - 0x00007ff95d17d000 	C:\Windows\System32\USER32.dll
0x00007ff95ace0000 - 0x00007ff95ad06000 	C:\Windows\System32\win32u.dll
0x00007ff94d2a0000 - 0x00007ff94d545000 	C:\Windows\WinSxS\amd64_microsoft.windows.common-controls_6595b64144ccf1df_6.0.22000.120_none_9d947278b86cc467\COMCTL32.dll
0x00007ff95b9d0000 - 0x00007ff95b9f9000 	C:\Windows\System32\GDI32.dll
0x00007ff95ad10000 - 0x00007ff95ae28000 	C:\Windows\System32\gdi32full.dll
0x00007ff95ae30000 - 0x00007ff95aecd000 	C:\Windows\System32\msvcp_win.dll
0x00007ff952c40000 - 0x00007ff952c4a000 	C:\Windows\SYSTEM32\VERSION.dll
0x00007ff95c830000 - 0x00007ff95c862000 	C:\Windows\System32\IMM32.DLL
0x00007ff9311b0000 - 0x00007ff9311bc000 	D:\Resources\Java\bin\vcruntime140_1.dll
0x00007ff931120000 - 0x00007ff9311ae000 	D:\Resources\Java\bin\msvcp140.dll
0x00007ff87c9d0000 - 0x00007ff87d690000 	D:\Resources\Java\bin\server\jvm.dll
0x00007ff9513d0000 - 0x00007ff951403000 	C:\Windows\SYSTEM32\WINMM.dll
0x00007ff956f50000 - 0x00007ff956f59000 	C:\Windows\SYSTEM32\WSOCK32.dll
0x00007ff95d180000 - 0x00007ff95d1ef000 	C:\Windows\System32\WS2_32.dll
0x00007ff959840000 - 0x00007ff959858000 	C:\Windows\SYSTEM32\kernel.appcore.dll
0x00007ff931110000 - 0x00007ff93111a000 	D:\Resources\Java\bin\jimage.dll
0x00007ff94e2a0000 - 0x00007ff94e4c1000 	C:\Windows\SYSTEM32\DBGHELP.DLL
0x00007ff942d40000 - 0x00007ff942d71000 	C:\Windows\SYSTEM32\dbgcore.DLL
0x00007ff95b040000 - 0x00007ff95b0bf000 	C:\Windows\System32\bcryptPrimitives.dll
0x00007ff9310d0000 - 0x00007ff9310de000 	D:\Resources\Java\bin\instrument.dll
0x00007ff9310e0000 - 0x00007ff931106000 	D:\Resources\Java\bin\java.dll
0x00007ff901ff0000 - 0x00007ff9020c7000 	D:\Resources\Java\bin\jsvml.dll
0x00007ff95bb30000 - 0x00007ff95c2e7000 	C:\Windows\System32\SHELL32.dll
0x00007ff9587d0000 - 0x00007ff959035000 	C:\Windows\SYSTEM32\windows.storage.dll
0x00007ff95c930000 - 0x00007ff95cca8000 	C:\Windows\System32\combase.dll
0x00007ff958660000 - 0x00007ff9587c6000 	C:\Windows\SYSTEM32\wintypes.dll
0x00007ff95b320000 - 0x00007ff95b40a000 	C:\Windows\System32\SHCORE.dll
0x00007ff95ccb0000 - 0x00007ff95cd0d000 	C:\Windows\System32\shlwapi.dll
0x00007ff95a640000 - 0x00007ff95a661000 	C:\Windows\SYSTEM32\profapi.dll
0x00007ff931070000 - 0x00007ff931088000 	D:\Resources\Java\bin\zip.dll
0x00007ff9310b0000 - 0x00007ff9310c3000 	D:\Resources\Java\bin\net.dll
0x00007ff954fc0000 - 0x00007ff9550d4000 	C:\Windows\SYSTEM32\WINHTTP.dll
0x00007ff959cd0000 - 0x00007ff959d37000 	C:\Windows\system32\mswsock.dll
0x00007ff931090000 - 0x00007ff9310a6000 	D:\Resources\Java\bin\nio.dll
0x00007ff92f500000 - 0x00007ff92f51a000 	D:\Resources\Intellij\IntelliJ IDEA Community Edition 2022.2.3\bin\breakgen64.dll
0x00007ff931060000 - 0x00007ff931068000 	D:\Resources\Java\bin\extnet.dll
0x00007ff8ffeb0000 - 0x00007ff8fff25000 	C:\Users\Lasse\AppData\Local\Temp\lwjglLasse\3.3.1-build-7\lwjgl.dll
0x00007ff901f80000 - 0x00007ff901fe1000 	C:\Users\Lasse\AppData\Local\Temp\lwjglLasse\3.3.1-build-7\glfw.dll
0x00007ff900490000 - 0x00007ff9004d5000 	C:\Windows\SYSTEM32\dinput8.dll
0x00007ff92f4e0000 - 0x00007ff92f4f1000 	C:\Windows\SYSTEM32\xinput1_4.dll
0x00007ff95a3e0000 - 0x00007ff95a42c000 	C:\Windows\SYSTEM32\cfgmgr32.dll
0x00007ff95a430000 - 0x00007ff95a45c000 	C:\Windows\SYSTEM32\DEVOBJ.dll
0x00007ff958150000 - 0x00007ff95817f000 	C:\Windows\SYSTEM32\dwmapi.dll
0x00007ff941e70000 - 0x00007ff942039000 	C:\Windows\SYSTEM32\inputhost.dll
0x00007ff957930000 - 0x00007ff957a61000 	C:\Windows\SYSTEM32\CoreMessaging.dll
0x00007ff957d60000 - 0x00007ff957e0c000 	C:\Windows\system32\uxtheme.dll
0x00007ff95ba10000 - 0x00007ff95bb2d000 	C:\Windows\System32\MSCTF.dll
0x00007ff959ec0000 - 0x00007ff959ecc000 	C:\Windows\SYSTEM32\CRYPTBASE.DLL
0x00007ff8da8e0000 - 0x00007ff8da9e1000 	C:\Windows\SYSTEM32\opengl32.dll
0x00007ff8da7f0000 - 0x00007ff8da81d000 	C:\Windows\SYSTEM32\GLU32.dll
0x00007ff957ec0000 - 0x00007ff957ef8000 	C:\Windows\SYSTEM32\dxcore.dll
0x00007ff95c870000 - 0x00007ff95c925000 	C:\Windows\System32\clbcatq.dll
0x00007ff85d610000 - 0x00007ff860f42000 	C:\Windows\System32\DriverStore\FileRepository\nvmdig.inf_amd64_d3941bdb145580aa\nvoglv64.dll
0x00007ff95b560000 - 0x00007ff95b9cc000 	C:\Windows\System32\SETUPAPI.dll
0x00007ff95ce30000 - 0x00007ff95cfca000 	C:\Windows\System32\ole32.dll
0x00007ff95c750000 - 0x00007ff95c826000 	C:\Windows\System32\OLEAUT32.dll
0x00007ff9554a0000 - 0x00007ff9554b4000 	C:\Windows\SYSTEM32\WTSAPI32.dll
0x00007ff95a0f0000 - 0x00007ff95a117000 	C:\Windows\SYSTEM32\bcrypt.dll
0x00007ff95a000000 - 0x00007ff95a012000 	C:\Windows\SYSTEM32\msasn1.dll
0x00007ff952c00000 - 0x00007ff952c31000 	C:\Windows\SYSTEM32\cryptnet.dll
0x00007ff95aed0000 - 0x00007ff95b032000 	C:\Windows\System32\CRYPT32.dll
0x00007ff9523a0000 - 0x00007ff9524e9000 	C:\Windows\SYSTEM32\drvstore.dll
0x00007ff959f50000 - 0x00007ff959f91000 	C:\Windows\SYSTEM32\wldp.dll
0x00007ff95a8f0000 - 0x00007ff95a958000 	C:\Windows\System32\WINTRUST.dll
0x00007ff959860000 - 0x00007ff959894000 	C:\Windows\SYSTEM32\ntmarta.dll
0x00007ff959050000 - 0x00007ff95909d000 	C:\Windows\SYSTEM32\powrprof.dll
0x00007ff959140000 - 0x00007ff959153000 	C:\Windows\SYSTEM32\UMPDC.dll
0x00007ff9592f0000 - 0x00007ff959354000 	C:\Windows\SYSTEM32\WINSTA.dll
0x00007ff8ffe50000 - 0x00007ff8ffead000 	C:\Users\Lasse\AppData\Local\Temp\lwjglLasse\3.3.1-build-7\lwjgl_opengl.dll

dbghelp: loaded successfully - version: 4.0.5 - missing functions: none
symbol engine: initialized successfully - sym options: 0x614 - pdb path: .;D:\Resources\Java\bin;C:\Windows\SYSTEM32;C:\Windows\WinSxS\amd64_microsoft.windows.common-controls_6595b64144ccf1df_6.0.22000.120_none_9d947278b86cc467;D:\Resources\Java\bin\server;D:\Resources\Intellij\IntelliJ IDEA Community Edition 2022.2.3\bin;C:\Users\Lasse\AppData\Local\Temp\lwjglLasse\3.3.1-build-7;C:\Windows\System32\DriverStore\FileRepository\nvmdig.inf_amd64_d3941bdb145580aa

VM Arguments:
jvm_args: -javaagent:D:\Resources\Intellij\IntelliJ IDEA Community Edition 2022.2.3\lib\idea_rt.jar=51141:D:\Resources\Intellij\IntelliJ IDEA Community Edition 2022.2.3\bin -Dfile.encoding=UTF-8 -Dsun.stdout.encoding=UTF-8 -Dsun.stderr.encoding=UTF-8 
java_command: Test
java_class_path (initial): D:\Projects\BALLS\out\production\endress3d;D:\Projects\BALLS\deps\lwjgl\lwjgl-stb\lwjgl-stb.jar;D:\Projects\BALLS\deps\lwjgl\lwjgl-stb\lwjgl-stb-natives-windows.jar;D:\Projects\BALLS\deps\lwjgl\lwjgl-opengl\lwjgl-opengl.jar;D:\Projects\BALLS\deps\lwjgl\lwjgl-opengl\lwjgl-opengl-natives-windows.jar;D:\Projects\BALLS\deps\lwjgl\lwjgl-llvm\lwjgl-llvm.jar;D:\Projects\BALLS\deps\lwjgl\lwjgl-llvm\lwjgl-llvm-natives-windows.jar;D:\Projects\BALLS\deps\lwjgl\lwjgl-glfw\lwjgl-glfw.jar;D:\Projects\BALLS\deps\lwjgl\lwjgl-glfw\lwjgl-glfw-natives-windows.jar;D:\Projects\BALLS\deps\lwjgl\lwjgl\lwjgl.jar;D:\Projects\BALLS\deps\lwjgl\lwjgl\lwjgl-natives-windows.jar
Launcher Type: SUN_STANDARD

[Global flags]
     intx CICompilerCount                          = 4                                         {product} {ergonomic}
     uint ConcGCThreads                            = 3                                         {product} {ergonomic}
     uint G1ConcRefinementThreads                  = 10                                        {product} {ergonomic}
   size_t G1HeapRegionSize                         = 2097152                                   {product} {ergonomic}
    uintx GCDrainStackTargetSize                   = 64                                        {product} {ergonomic}
   size_t InitialHeapSize                          = 268435456                                 {product} {ergonomic}
   size_t MarkStackSize                            = 4194304                                   {product} {ergonomic}
   size_t MaxHeapSize                              = 4276092928                                {product} {ergonomic}
   size_t MaxNewSize                               = 2564816896                                {product} {ergonomic}
   size_t MinHeapDeltaBytes                        = 2097152                                   {product} {ergonomic}
   size_t MinHeapSize                              = 8388608                                   {product} {ergonomic}
    uintx NonNMethodCodeHeapSize                   = 5839372                                {pd product} {ergonomic}
    uintx NonProfiledCodeHeapSize                  = 122909434                              {pd product} {ergonomic}
    uintx ProfiledCodeHeapSize                     = 122909434                              {pd product} {ergonomic}
    uintx ReservedCodeCacheSize                    = 251658240                              {pd product} {ergonomic}
     bool SegmentedCodeCache                       = true                                      {product} {ergonomic}
   size_t SoftMaxHeapSize                          = 4276092928                             {manageable} {ergonomic}
     bool UseCompressedClassPointers               = true                           {product lp64_product} {ergonomic}
     bool UseCompressedOops                        = true                           {product lp64_product} {ergonomic}
     bool UseG1GC                                  = true                                      {product} {ergonomic}
     bool UseLargePagesIndividualAllocation        = false                                  {pd product} {ergonomic}

Logging:
Log output configuration:
 #0: stdout all=warning uptime,level,tags foldmultilines=false
 #1: stderr all=off uptime,level,tags foldmultilines=false

Environment Variables:
PATH=C:\Program Files\Common Files\Oracle\Java\javapath;D:\Resources\VmWarePlayer\bin\;C:\VulkanSDK\1.3.224.1\Bin;C:\Program Files (x86)\Common Files\Oracle\Java\javapath;C:\Windows\system32;C:\Windows;C:\Windows\System32\Wbem;C:\Windows\System32\WindowsPowerShell\v1.0\;C:\Windows\System32\OpenSSH\;C:\Program Files (x86)\NVIDIA Corporation\PhysX\Common;C:\Program Files\dotnet\;C:\Program Files\CMake\bin;D:\Resources\MinGW\bin;C:\Program Files\Git\cmd;D:\Resources\LLVM\bin;C:\Users\Lasse\AppData\Local\Obsidian\cmd\;C:\Program Files\nodejs\;C:\Users\Lasse\AppData\Local\Programs\Python\Python311\Scripts\;C:\Users\Lasse\AppData\Local\Programs\Python\Python311\;C:\Users\Lasse\AppData\Local\Microsoft\WindowsApps;C:\Users\Lasse\.dotnet\tools;D:\Resources\Program Files\Microsoft VS Code\bin;C:\Users\Lasse\AppData\Roaming\npm;C:\Users\Lasse\AppData\Local\Programs\oh-my-posh\bin
USERNAME=Lasse
OS=Windows_NT
PROCESSOR_IDENTIFIER=AMD64 Family 23 Model 8 Stepping 2, AuthenticAMD
TMP=C:\Users\Lasse\AppData\Local\Temp
TEMP=C:\Users\Lasse\AppData\Local\Temp



---------------  S Y S T E M  ---------------

OS:
 Windows 11 , 64 bit Build 22000 (10.0.22000.1335)
OS uptime: 0 days 7:53 hours
Hyper-V role detected

CPU: total 12 (initial active 12) (12 cores per cpu, 2 threads per core) family 23 model 8 stepping 2 microcode 0x0, cx8, cmov, fxsr, ht, mmx, 3dnowpref, sse, sse2, sse3, ssse3, sse4a, sse4.1, sse4.2, popcnt, lzcnt, tsc, tscinvbit, avx, avx2, aes, clmul, bmi1, bmi2, adx, sha, fma, vzeroupper, clflush, clflushopt, hv, rdtscp

Memory: 4k page, system-wide physical 16306M (5004M free)
TotalPageFile size 24498M (AvailPageFile size 5308M)
current process WorkingSet (physical memory assigned to process): 80M, peak: 80M
current process commit charge ("private bytes"): 394M, peak: 394M

vm_info: Java HotSpot(TM) 64-Bit Server VM (19.0.2+7-44) for windows-amd64 JRE (19.0.2+7-44), built on 2022-11-30T18:02:09Z by "mach5one" with MS VC++ 17.1 (VS2022)

END.
